
Showing logs for build [32mcb-kubecd-environment-pr-192-21-2jbrk-1[0m stage [32mfrom-build-pack[0m and container [32mstep-credential-initializer-l6cws[0m
{"level":"warn","ts":1585702252.7783968,"logger":"fallback-logger","caller":"logging/config.go:69","msg":"Fetch GitHub commit ID from kodata failed: \"ref: refs/heads/0.8.0-**-support-backwards-incompats\" is not a valid GitHub commit ID"}
{"level":"info","ts":1585702252.7850897,"logger":"fallback-logger","caller":"creds-init/main.go:40","msg":"Credentials initialized."}

Showing logs for build [32mcb-kubecd-environment-pr-192-21-2jbrk-1[0m stage [32mfrom-build-pack[0m and container [32mstep-working-dir-initializer-88ttf[0m
{"level":"warn","ts":1585702253.5931466,"logger":"fallback-logger","caller":"logging/config.go:69","msg":"Fetch GitHub commit ID from kodata failed: open /var/run/ko/HEAD: no such file or directory"}
{"level":"info","ts":1585702253.5946796,"logger":"fallback-logger","caller":"bash/main.go:64","msg":"Successfully executed command \"sh -c mkdir -p /workspace/source\"; output "}

Showing logs for build [32mcb-kubecd-environment-pr-192-21-2jbrk-1[0m stage [32mfrom-build-pack[0m and container [32mstep-place-tools[0m

Showing logs for build [32mcb-kubecd-environment-pr-192-21-2jbrk-1[0m stage [32mfrom-build-pack[0m and container [32mstep-git-source-cb-kubecd-environment-pr-192-21-2jbrk-mmdbm[0m
{"level":"warn","ts":1585702258.1625078,"logger":"fallback-logger","caller":"logging/config.go:69","msg":"Fetch GitHub commit ID from kodata failed: \"ref: refs/heads/0.8.0-**-support-backwards-incompats\" is not a valid GitHub commit ID"}
{"level":"info","ts":1585702259.27425,"logger":"fallback-logger","caller":"git/git.go:103","msg":"Successfully cloned https://github.com/cb-kubecd/environment-pr-192-21-boot-gke-staging.git @ master in path /workspace/source"}

Showing logs for build [32mcb-kubecd-environment-pr-192-21-2jbrk-1[0m stage [32mfrom-build-pack[0m and container [32mstep-git-merge[0m
Using SHAs from PULL_REFS=master:02e5147cfd31f37a8222e9dc4f2d489649bf3f1a,2:05cfb5868c280f3047850899eabd91f8d7adcf4e
DEBUG: LC_ALL=C JX_LOG_LEVEL=error git fetch origin --unshallow 05cfb5868c280f3047850899eabd91f8d7adcf4e: 02e5147cfd31f37a8222e9dc4f2d489649bf3f1a:
DEBUG: ran git fetch --unshallow origin 05cfb5868c280f3047850899eabd91f8d7adcf4e: 02e5147cfd31f37a8222e9dc4f2d489649bf3f1a: in 
DEBUG: JX_LOG_LEVEL=error LC_ALL=C git branch
DEBUG: JX_LOG_LEVEL=error LC_ALL=C git checkout master
DEBUG: ran git checkout master in 
DEBUG: LC_ALL=C JX_LOG_LEVEL=error git reset --hard 02e5147cfd31f37a8222e9dc4f2d489649bf3f1a
DEBUG: ran git reset --hard 02e5147cfd31f37a8222e9dc4f2d489649bf3f1a in 
DEBUG: LC_ALL=C JX_LOG_LEVEL=error git clean -fd .
DEBUG: ran clean --force -d . in 
DEBUG: LC_ALL=C JX_LOG_LEVEL=error git merge 05cfb5868c280f3047850899eabd91f8d7adcf4e
DEBUG: ran git merge 05cfb5868c280f3047850899eabd91f8d7adcf4e in 
DEBUG: JX_LOG_LEVEL=error LC_ALL=C git log --format=%H%x1f%an%x1f%ae%x1f%cn%x1f%ce%x1f%s%n%b%x1e 02e5147cfd31f37a8222e9dc4f2d489649bf3f1a..HEAD
Merged SHA 05cfb5868c280f3047850899eabd91f8d7adcf4e with commit message 'chore: Promote bdd-gh-1585701958 to version 0.0.1' into base branch master

Showing logs for build [32mcb-kubecd-environment-pr-192-21-2jbrk-1[0m stage [32mfrom-build-pack[0m and container [32mstep-build-helm-build[0m
WARNING: No $CHART_REPOSITORY defined so using the default value of: http://jenkins-x-chartmuseum:8080
Adding missing Helm repo: storage.googleapis.com https://storage.googleapis.com/chartmuseum.jenkins-x.io
WARNING: No secrets found on "helm/repos" due: reading the secret "helm/repos" from vault: no secret "helm/repos" not found in vault
Read credentials for https://storage.googleapis.com/chartmuseum.jenkins-x.io from vault helm/repos
Successfully added Helm repository storage.googleapis.com.
Adding missing Helm repo: jenkins-x-chartmuseum http://jenkins-x-chartmuseum:8080
WARNING: No secrets found on "helm/repos" due: reading the secret "helm/repos" from vault: no secret "helm/repos" not found in vault
Read credentials for http://jenkins-x-chartmuseum:8080 from vault helm/repos
Successfully added Helm repository jenkins-x-chartmuseum.
WARNING: No $CHART_REPOSITORY defined so using the default value of: http://jenkins-x-chartmuseum:8080
Adding missing Helm repo: chartmuseum.jenkins-x.io http://chartmuseum.jenkins-x.io
WARNING: No secrets found on "helm/repos" due: reading the secret "helm/repos" from vault: no secret "helm/repos" not found in vault
Read credentials for http://chartmuseum.jenkins-x.io from vault helm/repos
Successfully added Helm repository chartmuseum.jenkins-x.io.
