
Showing logs for build [32mcb-kubecd-environment-pr-192-21-cqh5f-1[0m stage [32mfrom-build-pack[0m and container [32mstep-credential-initializer-p2dkr[0m
{"level":"warn","ts":1585702951.172774,"logger":"fallback-logger","caller":"logging/config.go:69","msg":"Fetch GitHub commit ID from kodata failed: \"ref: refs/heads/0.8.0-**-support-backwards-incompats\" is not a valid GitHub commit ID"}
{"level":"info","ts":1585702951.1736348,"logger":"fallback-logger","caller":"creds-init/main.go:40","msg":"Credentials initialized."}

Showing logs for build [32mcb-kubecd-environment-pr-192-21-cqh5f-1[0m stage [32mfrom-build-pack[0m and container [32mstep-working-dir-initializer-lfn2c[0m
{"level":"warn","ts":1585702952.6458879,"logger":"fallback-logger","caller":"logging/config.go:69","msg":"Fetch GitHub commit ID from kodata failed: open /var/run/ko/HEAD: no such file or directory"}
{"level":"info","ts":1585702952.6485536,"logger":"fallback-logger","caller":"bash/main.go:64","msg":"Successfully executed command \"sh -c mkdir -p /workspace/source\"; output "}

Showing logs for build [32mcb-kubecd-environment-pr-192-21-cqh5f-1[0m stage [32mfrom-build-pack[0m and container [32mstep-place-tools[0m

Showing logs for build [32mcb-kubecd-environment-pr-192-21-cqh5f-1[0m stage [32mfrom-build-pack[0m and container [32mstep-git-source-cb-kubecd-environment-pr-192-21-cqh5f-vchsx[0m
{"level":"warn","ts":1585702958.8971353,"logger":"fallback-logger","caller":"logging/config.go:69","msg":"Fetch GitHub commit ID from kodata failed: \"ref: refs/heads/0.8.0-**-support-backwards-incompats\" is not a valid GitHub commit ID"}
{"level":"info","ts":1585702959.9639187,"logger":"fallback-logger","caller":"git/git.go:103","msg":"Successfully cloned https://github.com/cb-kubecd/environment-pr-192-21-boot-gke-staging.git @ master in path /workspace/source"}

Showing logs for build [32mcb-kubecd-environment-pr-192-21-cqh5f-1[0m stage [32mfrom-build-pack[0m and container [32mstep-git-merge[0m
Using SHAs from PULL_REFS=master:d5a1029660b792eb88e252c21c68e6dbb28794af,3:b70e773472cfc4cfc199710f2949284b9b415c2a
DEBUG: LC_ALL=C JX_LOG_LEVEL=error git fetch origin --unshallow b70e773472cfc4cfc199710f2949284b9b415c2a: d5a1029660b792eb88e252c21c68e6dbb28794af:
DEBUG: ran git fetch --unshallow origin b70e773472cfc4cfc199710f2949284b9b415c2a: d5a1029660b792eb88e252c21c68e6dbb28794af: in 
DEBUG: LC_ALL=C JX_LOG_LEVEL=error git branch
DEBUG: LC_ALL=C JX_LOG_LEVEL=error git checkout master
DEBUG: ran git checkout master in 
DEBUG: LC_ALL=C JX_LOG_LEVEL=error git reset --hard d5a1029660b792eb88e252c21c68e6dbb28794af
DEBUG: ran git reset --hard d5a1029660b792eb88e252c21c68e6dbb28794af in 
DEBUG: JX_LOG_LEVEL=error LC_ALL=C git clean -fd .
DEBUG: ran clean --force -d . in 
DEBUG: LC_ALL=C JX_LOG_LEVEL=error git merge b70e773472cfc4cfc199710f2949284b9b415c2a
DEBUG: ran git merge b70e773472cfc4cfc199710f2949284b9b415c2a in 
DEBUG: LC_ALL=C JX_LOG_LEVEL=error git log --format=%H%x1f%an%x1f%ae%x1f%cn%x1f%ce%x1f%s%n%b%x1e d5a1029660b792eb88e252c21c68e6dbb28794af..HEAD
Merged SHA b70e773472cfc4cfc199710f2949284b9b415c2a with commit message 'chore: Promote bdd-sbhg-1585701958 to version 0.0.1' into base branch master

Showing logs for build [32mcb-kubecd-environment-pr-192-21-cqh5f-1[0m stage [32mfrom-build-pack[0m and container [32mstep-build-helm-build[0m
WARNING: No $CHART_REPOSITORY defined so using the default value of: http://jenkins-x-chartmuseum:8080
Adding missing Helm repo: storage.googleapis.com https://storage.googleapis.com/chartmuseum.jenkins-x.io
WARNING: No secrets found on "helm/repos" due: reading the secret "helm/repos" from vault: no secret "helm/repos" not found in vault
Read credentials for https://storage.googleapis.com/chartmuseum.jenkins-x.io from vault helm/repos
Successfully added Helm repository storage.googleapis.com.
Adding missing Helm repo: jenkins-x-chartmuseum http://jenkins-x-chartmuseum:8080
WARNING: No secrets found on "helm/repos" due: reading the secret "helm/repos" from vault: no secret "helm/repos" not found in vault
Read credentials for http://jenkins-x-chartmuseum:8080 from vault helm/repos
Successfully added Helm repository jenkins-x-chartmuseum.
WARNING: No $CHART_REPOSITORY defined so using the default value of: http://jenkins-x-chartmuseum:8080
Adding missing Helm repo: chartmuseum.jenkins-x.io http://chartmuseum.jenkins-x.io
WARNING: No secrets found on "helm/repos" due: reading the secret "helm/repos" from vault: no secret "helm/repos" not found in vault
Read credentials for http://chartmuseum.jenkins-x.io from vault helm/repos
Successfully added Helm repository chartmuseum.jenkins-x.io.
